Analysis & Synthesis report for LogicalStep_Lab4_top
Wed Jul 20 12:21:05 2022
Quartus Prime Version 15.1.0 Build 185 10/21/2015 SJ Standard Edition


---------------------
; Table of Contents ;
---------------------
  1. Legal Notice
  2. Analysis & Synthesis Summary
  3. Analysis & Synthesis Settings
  4. Parallel Compilation
  5. Analysis & Synthesis Source Files Read
  6. Analysis & Synthesis Resource Usage Summary
  7. Analysis & Synthesis Resource Utilization by Entity
  8. State Machine - |LogicalStep_Lab4_top|Grappler:inst11|current_state
  9. State Machine - |LogicalStep_Lab4_top|Extender:inst10|current_state
 10. State Machine - |LogicalStep_Lab4_top|XY_Motion:inst9|current_state
 11. User-Specified and Inferred Latches
 12. Registers Removed During Synthesis
 13. General Register Statistics
 14. Port Connectivity Checks: "Clock_Source:Clock_Selector"
 15. Post-Synthesis Netlist Statistics for Top Partition
 16. Elapsed Time Per Partition
 17. Analysis & Synthesis Messages



----------------
; Legal Notice ;
----------------
Copyright (C) 1991-2015 Altera Corporation. All rights reserved.
Your use of Altera Corporation's design tools, logic functions 
and other software and tools, and its AMPP partner logic 
functions, and any output files from any of the foregoing 
(including device programming or simulation files), and any 
associated documentation or information are expressly subject 
to the terms and conditions of the Altera Program License 
Subscription Agreement, the Altera Quartus Prime License Agreement,
the Altera MegaCore Function License Agreement, or other 
applicable license agreement, including, without limitation, 
that your use is for the sole purpose of programming logic 
devices manufactured by Altera and sold by Altera or its 
authorized distributors.  Please refer to the applicable 
agreement for further details.



+--------------------------------------------------------------------------------------+
; Analysis & Synthesis Summary                                                         ;
+------------------------------------+-------------------------------------------------+
; Analysis & Synthesis Status        ; Successful - Wed Jul 20 12:21:05 2022           ;
; Quartus Prime Version              ; 15.1.0 Build 185 10/21/2015 SJ Standard Edition ;
; Revision Name                      ; LogicalStep_Lab4_top                            ;
; Top-level Entity Name              ; LogicalStep_Lab4_top                            ;
; Family                             ; MAX 10                                          ;
; Total logic elements               ; 151                                             ;
;     Total combinational functions  ; 139                                             ;
;     Dedicated logic registers      ; 77                                              ;
; Total registers                    ; 77                                              ;
; Total pins                         ; 30                                              ;
; Total virtual pins                 ; 0                                               ;
; Total memory bits                  ; 0                                               ;
; Embedded Multiplier 9-bit elements ; 0                                               ;
; Total PLLs                         ; 0                                               ;
; UFM blocks                         ; 0                                               ;
; ADC blocks                         ; 0                                               ;
+------------------------------------+-------------------------------------------------+


+--------------------------------------------------------------------------------------------------------------------------+
; Analysis & Synthesis Settings                                                                                            ;
+----------------------------------------------------------------------------+----------------------+----------------------+
; Option                                                                     ; Setting              ; Default Value        ;
+----------------------------------------------------------------------------+----------------------+----------------------+
; Device                                                                     ; 10M08SAE144C8G       ;                      ;
; Top-level entity name                                                      ; LogicalStep_Lab4_top ; LogicalStep_Lab4_top ;
; Family name                                                                ; MAX 10               ; Cyclone V            ;
; Use smart compilation                                                      ; Off                  ; Off                  ;
; Enable parallel Assembler and TimeQuest Timing Analyzer during compilation ; On                   ; On                   ;
; Enable compact report table                                                ; Off                  ; Off                  ;
; Restructure Multiplexers                                                   ; Auto                 ; Auto                 ;
; Create Debugging Nodes for IP Cores                                        ; Off                  ; Off                  ;
; Preserve fewer node names                                                  ; On                   ; On                   ;
; Disable OpenCore Plus hardware evaluation                                  ; Off                  ; Off                  ;
; Verilog Version                                                            ; Verilog_2001         ; Verilog_2001         ;
; VHDL Version                                                               ; VHDL_1993            ; VHDL_1993            ;
; State Machine Processing                                                   ; Auto                 ; Auto                 ;
; Safe State Machine                                                         ; Off                  ; Off                  ;
; Extract Verilog State Machines                                             ; On                   ; On                   ;
; Extract VHDL State Machines                                                ; On                   ; On                   ;
; Ignore Verilog initial constructs                                          ; Off                  ; Off                  ;
; Iteration limit for constant Verilog loops                                 ; 5000                 ; 5000                 ;
; Iteration limit for non-constant Verilog loops                             ; 250                  ; 250                  ;
; Add Pass-Through Logic to Inferred RAMs                                    ; On                   ; On                   ;
; Infer RAMs from Raw Logic                                                  ; On                   ; On                   ;
; Parallel Synthesis                                                         ; On                   ; On                   ;
; DSP Block Balancing                                                        ; Auto                 ; Auto                 ;
; NOT Gate Push-Back                                                         ; On                   ; On                   ;
; Power-Up Don't Care                                                        ; On                   ; On                   ;
; Remove Redundant Logic Cells                                               ; Off                  ; Off                  ;
; Remove Duplicate Registers                                                 ; On                   ; On                   ;
; Ignore CARRY Buffers                                                       ; Off                  ; Off                  ;
; Ignore CASCADE Buffers                                                     ; Off                  ; Off                  ;
; Ignore GLOBAL Buffers                                                      ; Off                  ; Off                  ;
; Ignore ROW GLOBAL Buffers                                                  ; Off                  ; Off                  ;
; Ignore LCELL Buffers                                                       ; Off                  ; Off                  ;
; Ignore SOFT Buffers                                                        ; On                   ; On                   ;
; Limit AHDL Integers to 32 Bits                                             ; Off                  ; Off                  ;
; Optimization Technique                                                     ; Balanced             ; Balanced             ;
; Carry Chain Length                                                         ; 70                   ; 70                   ;
; Auto Carry Chains                                                          ; On                   ; On                   ;
; Auto Open-Drain Pins                                                       ; On                   ; On                   ;
; Perform WYSIWYG Primitive Resynthesis                                      ; Off                  ; Off                  ;
; Auto ROM Replacement                                                       ; On                   ; On                   ;
; Auto RAM Replacement                                                       ; On                   ; On                   ;
; Auto DSP Block Replacement                                                 ; On                   ; On                   ;
; Auto Shift Register Replacement                                            ; Auto                 ; Auto                 ;
; Allow Shift Register Merging across Hierarchies                            ; Auto                 ; Auto                 ;
; Auto Clock Enable Replacement                                              ; On                   ; On                   ;
; Strict RAM Replacement                                                     ; Off                  ; Off                  ;
; Allow Synchronous Control Signals                                          ; On                   ; On                   ;
; Force Use of Synchronous Clear Signals                                     ; Off                  ; Off                  ;
; Auto RAM Block Balancing                                                   ; On                   ; On                   ;
; Auto RAM to Logic Cell Conversion                                          ; Off                  ; Off                  ;
; Auto Resource Sharing                                                      ; Off                  ; Off                  ;
; Allow Any RAM Size For Recognition                                         ; Off                  ; Off                  ;
; Allow Any ROM Size For Recognition                                         ; Off                  ; Off                  ;
; Allow Any Shift Register Size For Recognition                              ; Off                  ; Off                  ;
; Use LogicLock Constraints during Resource Balancing                        ; On                   ; On                   ;
; Ignore translate_off and synthesis_off directives                          ; Off                  ; Off                  ;
; Timing-Driven Synthesis                                                    ; On                   ; On                   ;
; Report Parameter Settings                                                  ; On                   ; On                   ;
; Report Source Assignments                                                  ; On                   ; On                   ;
; Report Connectivity Checks                                                 ; On                   ; On                   ;
; Ignore Maximum Fan-Out Assignments                                         ; Off                  ; Off                  ;
; Synchronization Register Chain Length                                      ; 2                    ; 2                    ;
; PowerPlay Power Optimization During Synthesis                              ; Normal compilation   ; Normal compilation   ;
; HDL message level                                                          ; Level2               ; Level2               ;
; Suppress Register Optimization Related Messages                            ; Off                  ; Off                  ;
; Number of Removed Registers Reported in Synthesis Report                   ; 5000                 ; 5000                 ;
; Number of Swept Nodes Reported in Synthesis Report                         ; 5000                 ; 5000                 ;
; Number of Inverted Registers Reported in Synthesis Report                  ; 100                  ; 100                  ;
; Clock MUX Protection                                                       ; On                   ; On                   ;
; Auto Gated Clock Conversion                                                ; Off                  ; Off                  ;
; Block Design Naming                                                        ; Auto                 ; Auto                 ;
; SDC constraint protection                                                  ; Off                  ; Off                  ;
; Synthesis Effort                                                           ; Auto                 ; Auto                 ;
; Shift Register Replacement - Allow Asynchronous Clear Signal               ; On                   ; On                   ;
; Pre-Mapping Resynthesis Optimization                                       ; Off                  ; Off                  ;
; Analysis & Synthesis Message Level                                         ; Medium               ; Medium               ;
; Disable Register Merging Across Hierarchies                                ; Auto                 ; Auto                 ;
; Resource Aware Inference For Block RAM                                     ; On                   ; On                   ;
; Synthesis Seed                                                             ; 1                    ; 1                    ;
+----------------------------------------------------------------------------+----------------------+----------------------+


+------------------------------------------+
; Parallel Compilation                     ;
+----------------------------+-------------+
; Processors                 ; Number      ;
+----------------------------+-------------+
; Number detected on machine ; 4           ;
; Maximum allowed            ; 2           ;
;                            ;             ;
; Average used               ; 1.00        ;
; Maximum used               ; 2           ;
;                            ;             ;
; Usage by Processor         ; % Time Used ;
;     Processor 1            ; 100.0%      ;
;     Processor 2            ; < 0.1%      ;
+----------------------------+-------------+


+-------------------------------------------------------------------------------------------------------------------------------------------------------+
; Analysis & Synthesis Source Files Read                                                                                                                ;
+----------------------------------+-----------------+-----------------------+----------------------------------------------------------------+---------+
; File Name with User-Entered Path ; Used in Netlist ; File Type             ; File Name with Absolute Path                                   ; Library ;
+----------------------------------+-----------------+-----------------------+----------------------------------------------------------------+---------+
; LogicalStep_Lab4_top.vhd         ; yes             ; User VHDL File        ; C:/Users/v264pate/Downloads/Lab4/Lab4/LogicalStep_Lab4_top.vhd ;         ;
; segment7_mux.vhd                 ; yes             ; User VHDL File        ; C:/Users/v264pate/Downloads/Lab4/Lab4/segment7_mux.vhd         ;         ;
; SevenSegment.vhd                 ; yes             ; User VHDL File        ; C:/Users/v264pate/Downloads/Lab4/Lab4/SevenSegment.vhd         ;         ;
; Grappler.vhd                     ; yes             ; User VHDL File        ; C:/Users/v264pate/Downloads/Lab4/Lab4/Grappler.vhd             ;         ;
; Extender.vhd                     ; yes             ; User VHDL File        ; C:/Users/v264pate/Downloads/Lab4/Lab4/Extender.vhd             ;         ;
; XY_Motion.vhd                    ; yes             ; User VHDL File        ; C:/Users/v264pate/Downloads/Lab4/Lab4/XY_Motion.vhd            ;         ;
; XY_Register.vhd                  ; yes             ; User VHDL File        ; C:/Users/v264pate/Downloads/Lab4/Lab4/XY_Register.vhd          ;         ;
; clock_source.vhd                 ; yes             ; Auto-Found VHDL File  ; C:/Users/v264pate/Downloads/Lab4/Lab4/clock_source.vhd         ;         ;
; synch_inverter2.vhd              ; yes             ; Auto-Found VHDL File  ; C:/Users/v264pate/Downloads/Lab4/Lab4/synch_inverter2.vhd      ;         ;
; bidir_shift_reg.vhd              ; yes             ; Auto-Found VHDL File  ; C:/Users/v264pate/Downloads/Lab4/Lab4/bidir_shift_reg.vhd      ;         ;
; u_d_bin_counter4bit.vhd          ; yes             ; Auto-Found VHDL File  ; C:/Users/v264pate/Downloads/Lab4/Lab4/u_d_bin_counter4bit.vhd  ;         ;
; compx4.vhd                       ; yes             ; Auto-Found VHDL File  ; C:/Users/v264pate/Downloads/Lab4/Lab4/compx4.vhd               ;         ;
; compx1.vhd                       ; yes             ; Auto-Found VHDL File  ; C:/Users/v264pate/Downloads/Lab4/Lab4/compx1.vhd               ;         ;
+----------------------------------+-----------------+-----------------------+----------------------------------------------------------------+---------+


+----------------------------------------------------------------------------------------------------+
; Analysis & Synthesis Resource Usage Summary                                                        ;
+---------------------------------------------+------------------------------------------------------+
; Resource                                    ; Usage                                                ;
+---------------------------------------------+------------------------------------------------------+
; Estimated Total logic elements              ; 151                                                  ;
;                                             ;                                                      ;
; Total combinational functions               ; 139                                                  ;
; Logic element usage by number of LUT inputs ;                                                      ;
;     -- 4 input functions                    ; 58                                                   ;
;     -- 3 input functions                    ; 26                                                   ;
;     -- <=2 input functions                  ; 55                                                   ;
;                                             ;                                                      ;
; Logic elements by mode                      ;                                                      ;
;     -- normal mode                          ; 102                                                  ;
;     -- arithmetic mode                      ; 37                                                   ;
;                                             ;                                                      ;
; Total registers                             ; 77                                                   ;
;     -- Dedicated logic registers            ; 77                                                   ;
;     -- I/O registers                        ; 0                                                    ;
;                                             ;                                                      ;
; I/O pins                                    ; 30                                                   ;
;                                             ;                                                      ;
; Embedded Multiplier 9-bit elements          ; 0                                                    ;
;                                             ;                                                      ;
; Maximum fan-out node                        ; Clock_Source:Clock_Selector|\clk_divider:counter[23] ;
; Maximum fan-out                             ; 44                                                   ;
; Total fan-out                               ; 665                                                  ;
; Average fan-out                             ; 2.41                                                 ;
+---------------------------------------------+------------------------------------------------------+


+-------------------------------------------------------------------------------------------------------------------------------------------------------------------------------------------------------------------------------------------+
; Analysis & Synthesis Resource Utilization by Entity                                                                                                                                                                                       ;
+----------------------------------+-------------------+--------------+-------------+------------+--------------+---------+-----------+------+--------------+------------+---------------------------------------------------+--------------+
; Compilation Hierarchy Node       ; LC Combinationals ; LC Registers ; Memory Bits ; UFM Blocks ; DSP Elements ; DSP 9x9 ; DSP 18x18 ; Pins ; Virtual Pins ; ADC blocks ; Full Hierarchy Name                               ; Library Name ;
+----------------------------------+-------------------+--------------+-------------+------------+--------------+---------+-----------+------+--------------+------------+---------------------------------------------------+--------------+
; |LogicalStep_Lab4_top            ; 139 (0)           ; 77 (0)       ; 0           ; 0          ; 0            ; 0       ; 0         ; 30   ; 0            ; 0          ; |LogicalStep_Lab4_top                             ; work         ;
;    |Bidir_shift_reg:inst2|       ; 4 (4)             ; 4 (4)        ; 0           ; 0          ; 0            ; 0       ; 0         ; 0    ; 0            ; 0          ; |LogicalStep_Lab4_top|Bidir_shift_reg:inst2       ; work         ;
;    |Clock_Source:Clock_Selector| ; 23 (23)           ; 23 (23)      ; 0           ; 0          ; 0            ; 0       ; 0         ; 0    ; 0            ; 0          ; |LogicalStep_Lab4_top|Clock_Source:Clock_Selector ; work         ;
;    |Compx4:inst7|                ; 8 (8)             ; 0 (0)        ; 0           ; 0          ; 0            ; 0       ; 0         ; 0    ; 0            ; 0          ; |LogicalStep_Lab4_top|Compx4:inst7                ; work         ;
;    |Compx4:inst8|                ; 8 (8)             ; 0 (0)        ; 0           ; 0          ; 0            ; 0       ; 0         ; 0    ; 0            ; 0          ; |LogicalStep_Lab4_top|Compx4:inst8                ; work         ;
;    |Extender:inst10|             ; 15 (15)           ; 6 (6)        ; 0           ; 0          ; 0            ; 0       ; 0         ; 0    ; 0            ; 0          ; |LogicalStep_Lab4_top|Extender:inst10             ; work         ;
;    |Grappler:inst11|             ; 7 (7)             ; 4 (4)        ; 0           ; 0          ; 0            ; 0       ; 0         ; 0    ; 0            ; 0          ; |LogicalStep_Lab4_top|Grappler:inst11             ; work         ;
;    |SevenSegment:inst12|         ; 7 (7)             ; 0 (0)        ; 0           ; 0          ; 0            ; 0       ; 0         ; 0    ; 0            ; 0          ; |LogicalStep_Lab4_top|SevenSegment:inst12         ; work         ;
;    |SevenSegment:inst13|         ; 7 (7)             ; 0 (0)        ; 0           ; 0          ; 0            ; 0       ; 0         ; 0    ; 0            ; 0          ; |LogicalStep_Lab4_top|SevenSegment:inst13         ; work         ;
;    |Synch_Inverter2:inst1|       ; 4 (4)             ; 8 (8)        ; 0           ; 0          ; 0            ; 0       ; 0         ; 0    ; 0            ; 0          ; |LogicalStep_Lab4_top|Synch_Inverter2:inst1       ; work         ;
;    |U_D_Bin_Counter4bit:inst3|   ; 6 (6)             ; 4 (4)        ; 0           ; 0          ; 0            ; 0       ; 0         ; 0    ; 0            ; 0          ; |LogicalStep_Lab4_top|U_D_Bin_Counter4bit:inst3   ; work         ;
;    |U_D_Bin_Counter4bit:inst4|   ; 6 (6)             ; 4 (4)        ; 0           ; 0          ; 0            ; 0       ; 0         ; 0    ; 0            ; 0          ; |LogicalStep_Lab4_top|U_D_Bin_Counter4bit:inst4   ; work         ;
;    |XY_Motion:inst9|             ; 26 (26)           ; 5 (5)        ; 0           ; 0          ; 0            ; 0       ; 0         ; 0    ; 0            ; 0          ; |LogicalStep_Lab4_top|XY_Motion:inst9             ; work         ;
;    |XY_Register:inst5|           ; 0 (0)             ; 4 (4)        ; 0           ; 0          ; 0            ; 0       ; 0         ; 0    ; 0            ; 0          ; |LogicalStep_Lab4_top|XY_Register:inst5           ; work         ;
;    |XY_Register:inst6|           ; 0 (0)             ; 4 (4)        ; 0           ; 0          ; 0            ; 0       ; 0         ; 0    ; 0            ; 0          ; |LogicalStep_Lab4_top|XY_Register:inst6           ; work         ;
;    |segment7_mux:inst14|         ; 18 (18)           ; 11 (11)      ; 0           ; 0          ; 0            ; 0       ; 0         ; 0    ; 0            ; 0          ; |LogicalStep_Lab4_top|segment7_mux:inst14         ; work         ;
+----------------------------------+-------------------+--------------+-------------+------------+--------------+---------+-----------+------+--------------+------------+---------------------------------------------------+--------------+
Note: For table entries with two numbers listed, the numbers in parentheses indicate the number of resources of the given type used by the specific entity alone. The numbers listed outside of parentheses indicate the total resources of the given type used by the specific entity and all of its sub-entities in the hierarchy.


Encoding Type:  One-Hot
+-----------------------------------------------------------------------------------------------------------------------------------------------------------------------------+
; State Machine - |LogicalStep_Lab4_top|Grappler:inst11|current_state                                                                                                         ;
+-----------------------------------+-----------------------------------+--------------------------------+---------------------------------+----------------------------------+
; Name                              ; current_state.release_close_state ; current_state.press_open_state ; current_state.press_close_state ; current_state.release_open_state ;
+-----------------------------------+-----------------------------------+--------------------------------+---------------------------------+----------------------------------+
; current_state.release_open_state  ; 0                                 ; 0                              ; 0                               ; 0                                ;
; current_state.press_close_state   ; 0                                 ; 0                              ; 1                               ; 1                                ;
; current_state.press_open_state    ; 0                                 ; 1                              ; 0                               ; 1                                ;
; current_state.release_close_state ; 1                                 ; 0                              ; 0                               ; 1                                ;
+-----------------------------------+-----------------------------------+--------------------------------+---------------------------------+----------------------------------+


Encoding Type:  One-Hot
+------------------------------------------------------------------------------------------------------------------------------------------------------------------------------------------------------------------------------------------------+
; State Machine - |LogicalStep_Lab4_top|Extender:inst10|current_state                                                                                                                                                                            ;
+-------------------------------------+-------------------------------------+------------------------------------+----------------------------+-----------------------------+---------------------------------+----------------------------------+
; Name                                ; current_state.push_retraction_state ; current_state.push_extension_state ; current_state.extend_state ; current_state.retract_state ; current_state.full_extend_state ; current_state.full_retract_state ;
+-------------------------------------+-------------------------------------+------------------------------------+----------------------------+-----------------------------+---------------------------------+----------------------------------+
; current_state.full_retract_state    ; 0                                   ; 0                                  ; 0                          ; 0                           ; 0                               ; 0                                ;
; current_state.full_extend_state     ; 0                                   ; 0                                  ; 0                          ; 0                           ; 1                               ; 1                                ;
; current_state.retract_state         ; 0                                   ; 0                                  ; 0                          ; 1                           ; 0                               ; 1                                ;
; current_state.extend_state          ; 0                                   ; 0                                  ; 1                          ; 0                           ; 0                               ; 1                                ;
; current_state.push_extension_state  ; 0                                   ; 1                                  ; 0                          ; 0                           ; 0                               ; 1                                ;
; current_state.push_retraction_state ; 1                                   ; 0                                  ; 0                          ; 0                           ; 0                               ; 1                                ;
+-------------------------------------+-------------------------------------+------------------------------------+----------------------------+-----------------------------+---------------------------------+----------------------------------+


Encoding Type:  One-Hot
+----------------------------------------------------------------------------------------------------------------------------------------------------------------------------------------------+
; State Machine - |LogicalStep_Lab4_top|XY_Motion:inst9|current_state                                                                                                                          ;
+------------------------------------+------------------------------------+---------------------------+-----------------------------+---------------------------+------------------------------+
; Name                               ; current_state.flashing_error_state ; current_state.error_state ; current_state.release_state ; current_state.press_state ; current_state.original_state ;
+------------------------------------+------------------------------------+---------------------------+-----------------------------+---------------------------+------------------------------+
; current_state.original_state       ; 0                                  ; 0                         ; 0                           ; 0                         ; 0                            ;
; current_state.press_state          ; 0                                  ; 0                         ; 0                           ; 1                         ; 1                            ;
; current_state.release_state        ; 0                                  ; 0                         ; 1                           ; 0                         ; 1                            ;
; current_state.error_state          ; 0                                  ; 1                         ; 0                           ; 0                         ; 1                            ;
; current_state.flashing_error_state ; 1                                  ; 0                         ; 0                           ; 0                         ; 1                            ;
+------------------------------------+------------------------------------+---------------------------+-----------------------------+---------------------------+------------------------------+


+----------------------------------------------------------------------------------------------------------+
; User-Specified and Inferred Latches                                                                      ;
+----------------------------------------------------+----------------------------+------------------------+
; Latch Name                                         ; Latch Enable Signal        ; Free of Timing Hazards ;
+----------------------------------------------------+----------------------------+------------------------+
; XY_Motion:inst9|up_down_X                          ; XY_Motion:inst9|up_down_X  ; yes                    ;
; XY_Motion:inst9|up_down_Y                          ; XY_Motion:inst9|up_down_Y  ; yes                    ;
; XY_Motion:inst9|extender_en                        ; XY_Motion:inst9|Capture_XY ; yes                    ;
; Number of user-specified and inferred latches = 3  ;                            ;                        ;
+----------------------------------------------------+----------------------------+------------------------+
Note: All latches listed above may not be present at the end of synthesis due to various synthesis optimizations.


+----------------------------------------------------------------------------------------------------------+
; Registers Removed During Synthesis                                                                       ;
+-----------------------------------------------------+----------------------------------------------------+
; Register name                                       ; Reason for Removal                                 ;
+-----------------------------------------------------+----------------------------------------------------+
; Clock_Source:Clock_Selector|\clk_divider:counter[0] ; Merged with segment7_mux:inst14|\clk_proc:COUNT[0] ;
; Total Number of Removed Registers = 1               ;                                                    ;
+-----------------------------------------------------+----------------------------------------------------+


+------------------------------------------------------+
; General Register Statistics                          ;
+----------------------------------------------+-------+
; Statistic                                    ; Value ;
+----------------------------------------------+-------+
; Total registers                              ; 77    ;
; Number of registers using Synchronous Clear  ; 0     ;
; Number of registers using Synchronous Load   ; 0     ;
; Number of registers using Asynchronous Clear ; 35    ;
; Number of registers using Asynchronous Load  ; 0     ;
; Number of registers using Clock Enable       ; 18    ;
; Number of registers using Preset             ; 0     ;
+----------------------------------------------+-------+


+---------------------------------------------------------+
; Port Connectivity Checks: "Clock_Source:Clock_Selector" ;
+----------+-------+----------+---------------------------+
; Port     ; Type  ; Severity ; Details                   ;
+----------+-------+----------+---------------------------+
; sim_flag ; Input ; Info     ; Stuck at GND              ;
+----------+-------+----------+---------------------------+


+-----------------------------------------------------+
; Post-Synthesis Netlist Statistics for Top Partition ;
+-----------------------+-----------------------------+
; Type                  ; Count                       ;
+-----------------------+-----------------------------+
; boundary_port         ; 30                          ;
; cycloneiii_ff         ; 77                          ;
;     CLR               ; 17                          ;
;     ENA CLR           ; 18                          ;
;     plain             ; 42                          ;
; cycloneiii_io_obuf    ; 3                           ;
; cycloneiii_lcell_comb ; 145                         ;
;     arith             ; 37                          ;
;         2 data inputs ; 31                          ;
;         3 data inputs ; 6                           ;
;     normal            ; 108                         ;
;         0 data inputs ; 1                           ;
;         1 data inputs ; 12                          ;
;         2 data inputs ; 17                          ;
;         3 data inputs ; 20                          ;
;         4 data inputs ; 58                          ;
;                       ;                             ;
; Max LUT depth         ; 5.00                        ;
; Average LUT depth     ; 2.57                        ;
+-----------------------+-----------------------------+


+-------------------------------+
; Elapsed Time Per Partition    ;
+----------------+--------------+
; Partition Name ; Elapsed Time ;
+----------------+--------------+
; Top            ; 00:00:00     ;
+----------------+--------------+


+-------------------------------+
; Analysis & Synthesis Messages ;
+-------------------------------+
Info: *******************************************************************
Info: Running Quartus Prime Analysis & Synthesis
    Info: Version 15.1.0 Build 185 10/21/2015 SJ Standard Edition
    Info: Processing started: Wed Jul 20 12:20:52 2022
Info: Command: quartus_map --read_settings_files=on --write_settings_files=off LogicalStep_Lab4 -c LogicalStep_Lab4_top
Info (20030): Parallel compilation is enabled and will use 2 of the 2 processors detected
Info (12021): Found 2 design units, including 1 entities, in source file logicalstep_lab4_top.vhd
    Info (12022): Found design unit 1: LogicalStep_Lab4_top-Circuit File: C:/Users/v264pate/Downloads/Lab4/Lab4/LogicalStep_Lab4_top.vhd Line: 25
    Info (12023): Found entity 1: LogicalStep_Lab4_top File: C:/Users/v264pate/Downloads/Lab4/Lab4/LogicalStep_Lab4_top.vhd Line: 6
Info (12021): Found 2 design units, including 1 entities, in source file segment7_mux.vhd
    Info (12022): Found design unit 1: segment7_mux-syn File: C:/Users/v264pate/Downloads/Lab4/Lab4/segment7_mux.vhd Line: 67
    Info (12023): Found entity 1: segment7_mux File: C:/Users/v264pate/Downloads/Lab4/Lab4/segment7_mux.vhd Line: 52
Info (12021): Found 2 design units, including 1 entities, in source file sevensegment.vhd
    Info (12022): Found design unit 1: SevenSegment-Behavioral File: C:/Users/v264pate/Downloads/Lab4/Lab4/SevenSegment.vhd Line: 19
    Info (12023): Found entity 1: SevenSegment File: C:/Users/v264pate/Downloads/Lab4/Lab4/SevenSegment.vhd Line: 11
Info (12021): Found 2 design units, including 1 entities, in source file grappler.vhd
    Info (12022): Found design unit 1: Grappler-SM File: C:/Users/v264pate/Downloads/Lab4/Lab4/Grappler.vhd Line: 15
    Info (12023): Found entity 1: Grappler File: C:/Users/v264pate/Downloads/Lab4/Lab4/Grappler.vhd Line: 6
Info (12021): Found 2 design units, including 1 entities, in source file extender.vhd
    Info (12022): Found design unit 1: Extender-SM File: C:/Users/v264pate/Downloads/Lab4/Lab4/Extender.vhd Line: 15
    Info (12023): Found entity 1: Extender File: C:/Users/v264pate/Downloads/Lab4/Lab4/Extender.vhd Line: 6
Info (12021): Found 2 design units, including 1 entities, in source file xy_motion.vhd
    Info (12022): Found design unit 1: XY_Motion-SM File: C:/Users/v264pate/Downloads/Lab4/Lab4/XY_Motion.vhd Line: 14
    Info (12023): Found entity 1: XY_Motion File: C:/Users/v264pate/Downloads/Lab4/Lab4/XY_Motion.vhd Line: 6
Info (12021): Found 2 design units, including 1 entities, in source file xy_register.vhd
    Info (12022): Found design unit 1: XY_Register-one File: C:/Users/v264pate/Downloads/Lab4/Lab4/XY_Register.vhd Line: 18
    Info (12023): Found entity 1: XY_Register File: C:/Users/v264pate/Downloads/Lab4/Lab4/XY_Register.vhd Line: 8
Info (12127): Elaborating entity "LogicalStep_Lab4_top" for the top level hierarchy
Warning (10873): Using initial value X (don't care) for net "leds[7..6]" at LogicalStep_Lab4_top.vhd(12) File: C:/Users/v264pate/Downloads/Lab4/Lab4/LogicalStep_Lab4_top.vhd Line: 12
Warning (12125): Using design file clock_source.vhd, which is not specified as a design file for the current project, but contains definitions for 2 design units and 1 entities in project
    Info (12022): Found design unit 1: Clock_Source-rtl File: C:/Users/v264pate/Downloads/Lab4/Lab4/clock_source.vhd Line: 18
    Info (12023): Found entity 1: Clock_Source File: C:/Users/v264pate/Downloads/Lab4/Lab4/clock_source.vhd Line: 7
Info (12128): Elaborating entity "Clock_Source" for hierarchy "Clock_Source:Clock_Selector" File: C:/Users/v264pate/Downloads/Lab4/Lab4/LogicalStep_Lab4_top.vhd Line: 164
Warning (10492): VHDL Process Statement warning at clock_source.vhd(45): signal "clk_input" is read inside the Process Statement but isn't in the Process Statement's sensitivity list File: C:/Users/v264pate/Downloads/Lab4/Lab4/clock_source.vhd Line: 45
Warning (10492): VHDL Process Statement warning at clock_source.vhd(47): signal "clk_2hz" is read inside the Process Statement but isn't in the Process Statement's sensitivity list File: C:/Users/v264pate/Downloads/Lab4/Lab4/clock_source.vhd Line: 47
Warning (12125): Using design file synch_inverter2.vhd, which is not specified as a design file for the current project, but contains definitions for 2 design units and 1 entities in project
    Info (12022): Found design unit 1: Synch_Inverter2-synchronize File: C:/Users/v264pate/Downloads/Lab4/Lab4/synch_inverter2.vhd Line: 13
    Info (12023): Found entity 1: Synch_Inverter2 File: C:/Users/v264pate/Downloads/Lab4/Lab4/synch_inverter2.vhd Line: 5
Info (12128): Elaborating entity "Synch_Inverter2" for hierarchy "Synch_Inverter2:inst1" File: C:/Users/v264pate/Downloads/Lab4/Lab4/LogicalStep_Lab4_top.vhd Line: 168
Warning (10492): VHDL Process Statement warning at synch_inverter2.vhd(29): signal "stages_pb3" is read inside the Process Statement but isn't in the Process Statement's sensitivity list File: C:/Users/v264pate/Downloads/Lab4/Lab4/synch_inverter2.vhd Line: 29
Warning (10492): VHDL Process Statement warning at synch_inverter2.vhd(30): signal "stages_pb2" is read inside the Process Statement but isn't in the Process Statement's sensitivity list File: C:/Users/v264pate/Downloads/Lab4/Lab4/synch_inverter2.vhd Line: 30
Warning (10492): VHDL Process Statement warning at synch_inverter2.vhd(31): signal "stages_pb1" is read inside the Process Statement but isn't in the Process Statement's sensitivity list File: C:/Users/v264pate/Downloads/Lab4/Lab4/synch_inverter2.vhd Line: 31
Warning (10492): VHDL Process Statement warning at synch_inverter2.vhd(32): signal "stages_pb0" is read inside the Process Statement but isn't in the Process Statement's sensitivity list File: C:/Users/v264pate/Downloads/Lab4/Lab4/synch_inverter2.vhd Line: 32
Warning (12125): Using design file bidir_shift_reg.vhd, which is not specified as a design file for the current project, but contains definitions for 2 design units and 1 entities in project
    Info (12022): Found design unit 1: Bidir_shift_reg-one File: C:/Users/v264pate/Downloads/Lab4/Lab4/bidir_shift_reg.vhd Line: 18
    Info (12023): Found entity 1: Bidir_shift_reg File: C:/Users/v264pate/Downloads/Lab4/Lab4/bidir_shift_reg.vhd Line: 6
Info (12128): Elaborating entity "Bidir_shift_reg" for hierarchy "Bidir_shift_reg:inst2" File: C:/Users/v264pate/Downloads/Lab4/Lab4/LogicalStep_Lab4_top.vhd Line: 169
Warning (10492): VHDL Process Statement warning at bidir_shift_reg.vhd(30): signal "CLK_EN" is read inside the Process Statement but isn't in the Process Statement's sensitivity list File: C:/Users/v264pate/Downloads/Lab4/Lab4/bidir_shift_reg.vhd Line: 30
Warning (10492): VHDL Process Statement warning at bidir_shift_reg.vhd(43): signal "sreg" is read inside the Process Statement but isn't in the Process Statement's sensitivity list File: C:/Users/v264pate/Downloads/Lab4/Lab4/bidir_shift_reg.vhd Line: 43
Warning (12125): Using design file u_d_bin_counter4bit.vhd, which is not specified as a design file for the current project, but contains definitions for 2 design units and 1 entities in project
    Info (12022): Found design unit 1: U_D_Bin_Counter4bit-one File: C:/Users/v264pate/Downloads/Lab4/Lab4/u_d_bin_counter4bit.vhd Line: 16
    Info (12023): Found entity 1: U_D_Bin_Counter4bit File: C:/Users/v264pate/Downloads/Lab4/Lab4/u_d_bin_counter4bit.vhd Line: 6
Info (12128): Elaborating entity "U_D_Bin_Counter4bit" for hierarchy "U_D_Bin_Counter4bit:inst3" File: C:/Users/v264pate/Downloads/Lab4/Lab4/LogicalStep_Lab4_top.vhd Line: 171
Warning (10492): VHDL Process Statement warning at u_d_bin_counter4bit.vhd(42): signal "ud_bin_counter" is read inside the Process Statement but isn't in the Process Statement's sensitivity list File: C:/Users/v264pate/Downloads/Lab4/Lab4/u_d_bin_counter4bit.vhd Line: 42
Info (12128): Elaborating entity "XY_Register" for hierarchy "XY_Register:inst5" File: C:/Users/v264pate/Downloads/Lab4/Lab4/LogicalStep_Lab4_top.vhd Line: 174
Warning (10492): VHDL Process Statement warning at XY_Register.vhd(27): signal "clk" is read inside the Process Statement but isn't in the Process Statement's sensitivity list File: C:/Users/v264pate/Downloads/Lab4/Lab4/XY_Register.vhd Line: 27
Warning (12125): Using design file compx4.vhd, which is not specified as a design file for the current project, but contains definitions for 2 design units and 1 entities in project
    Info (12022): Found design unit 1: Compx4-Compx4_logic File: C:/Users/v264pate/Downloads/Lab4/Lab4/compx4.vhd Line: 18
    Info (12023): Found entity 1: Compx4 File: C:/Users/v264pate/Downloads/Lab4/Lab4/compx4.vhd Line: 8
Info (12128): Elaborating entity "Compx4" for hierarchy "Compx4:inst7" File: C:/Users/v264pate/Downloads/Lab4/Lab4/LogicalStep_Lab4_top.vhd Line: 177
Warning (12125): Using design file compx1.vhd, which is not specified as a design file for the current project, but contains definitions for 2 design units and 1 entities in project
    Info (12022): Found design unit 1: Compx1-Compx1_logic File: C:/Users/v264pate/Downloads/Lab4/Lab4/compx1.vhd Line: 18
    Info (12023): Found entity 1: Compx1 File: C:/Users/v264pate/Downloads/Lab4/Lab4/compx1.vhd Line: 8
Info (12128): Elaborating entity "Compx1" for hierarchy "Compx4:inst7|Compx1:INST1" File: C:/Users/v264pate/Downloads/Lab4/Lab4/compx4.vhd Line: 53
Info (12128): Elaborating entity "XY_Motion" for hierarchy "XY_Motion:inst9" File: C:/Users/v264pate/Downloads/Lab4/Lab4/LogicalStep_Lab4_top.vhd Line: 180
Warning (10492): VHDL Process Statement warning at XY_Motion.vhd(57): signal "X_EQ" is read inside the Process Statement but isn't in the Process Statement's sensitivity list File: C:/Users/v264pate/Downloads/Lab4/Lab4/XY_Motion.vhd Line: 57
Warning (10492): VHDL Process Statement warning at XY_Motion.vhd(57): signal "Y_EQ" is read inside the Process Statement but isn't in the Process Statement's sensitivity list File: C:/Users/v264pate/Downloads/Lab4/Lab4/XY_Motion.vhd Line: 57
Warning (10492): VHDL Process Statement warning at XY_Motion.vhd(84): signal "X_EQ" is read inside the Process Statement but isn't in the Process Statement's sensitivity list File: C:/Users/v264pate/Downloads/Lab4/Lab4/XY_Motion.vhd Line: 84
Warning (10492): VHDL Process Statement warning at XY_Motion.vhd(84): signal "Y_EQ" is read inside the Process Statement but isn't in the Process Statement's sensitivity list File: C:/Users/v264pate/Downloads/Lab4/Lab4/XY_Motion.vhd Line: 84
Warning (10631): VHDL Process Statement warning at XY_Motion.vhd(99): inferring latch(es) for signal or variable "extender_en", which holds its previous value in one or more paths through the process File: C:/Users/v264pate/Downloads/Lab4/Lab4/XY_Motion.vhd Line: 99
Warning (10631): VHDL Process Statement warning at XY_Motion.vhd(99): inferring latch(es) for signal or variable "up_down_X", which holds its previous value in one or more paths through the process File: C:/Users/v264pate/Downloads/Lab4/Lab4/XY_Motion.vhd Line: 99
Warning (10631): VHDL Process Statement warning at XY_Motion.vhd(99): inferring latch(es) for signal or variable "up_down_Y", which holds its previous value in one or more paths through the process File: C:/Users/v264pate/Downloads/Lab4/Lab4/XY_Motion.vhd Line: 99
Info (10041): Inferred latch for "up_down_Y" at XY_Motion.vhd(99) File: C:/Users/v264pate/Downloads/Lab4/Lab4/XY_Motion.vhd Line: 99
Info (10041): Inferred latch for "up_down_X" at XY_Motion.vhd(99) File: C:/Users/v264pate/Downloads/Lab4/Lab4/XY_Motion.vhd Line: 99
Info (10041): Inferred latch for "extender_en" at XY_Motion.vhd(99) File: C:/Users/v264pate/Downloads/Lab4/Lab4/XY_Motion.vhd Line: 99
Info (12128): Elaborating entity "Extender" for hierarchy "Extender:inst10" File: C:/Users/v264pate/Downloads/Lab4/Lab4/LogicalStep_Lab4_top.vhd Line: 182
Info (12128): Elaborating entity "Grappler" for hierarchy "Grappler:inst11" File: C:/Users/v264pate/Downloads/Lab4/Lab4/LogicalStep_Lab4_top.vhd Line: 184
Info (12128): Elaborating entity "SevenSegment" for hierarchy "SevenSegment:inst12" File: C:/Users/v264pate/Downloads/Lab4/Lab4/LogicalStep_Lab4_top.vhd Line: 186
Info (12128): Elaborating entity "segment7_mux" for hierarchy "segment7_mux:inst14" File: C:/Users/v264pate/Downloads/Lab4/Lab4/LogicalStep_Lab4_top.vhd Line: 189
Warning (13012): Latch XY_Motion:inst9|up_down_X has unsafe behavior File: C:/Users/v264pate/Downloads/Lab4/Lab4/XY_Motion.vhd Line: 9
    Warning (13013): Ports D and ENA on the latch are fed by the same signal Synch_Inverter2:inst1|stages_pb2[1] File: C:/Users/v264pate/Downloads/Lab4/Lab4/synch_inverter2.vhd Line: 22
Warning (13012): Latch XY_Motion:inst9|up_down_Y has unsafe behavior File: C:/Users/v264pate/Downloads/Lab4/Lab4/XY_Motion.vhd Line: 9
    Warning (13013): Ports D and ENA on the latch are fed by the same signal Synch_Inverter2:inst1|stages_pb2[1] File: C:/Users/v264pate/Downloads/Lab4/Lab4/synch_inverter2.vhd Line: 22
Warning (13024): Output pins are stuck at VCC or GND
    Warning (13410): Pin "leds[6]" is stuck at GND File: C:/Users/v264pate/Downloads/Lab4/Lab4/LogicalStep_Lab4_top.vhd Line: 12
    Warning (13410): Pin "leds[7]" is stuck at GND File: C:/Users/v264pate/Downloads/Lab4/Lab4/LogicalStep_Lab4_top.vhd Line: 12
Info (286030): Timing-Driven Synthesis is running
Info (16010): Generating hard_block partition "hard_block:auto_generated_inst"
    Info (16011): Adding 0 node(s), including 0 DDIO, 0 PLL, 0 transceiver and 0 LCELL
Info (21057): Implemented 181 device resources after synthesis - the final resource count might be different
    Info (21058): Implemented 13 input pins
    Info (21059): Implemented 17 output pins
    Info (21061): Implemented 151 logic cells
Info: Quartus Prime Analysis & Synthesis was successful. 0 errors, 31 warnings
    Info: Peak virtual memory: 4968 megabytes
    Info: Processing ended: Wed Jul 20 12:21:05 2022
    Info: Elapsed time: 00:00:13
    Info: Total CPU time (on all processors): 00:00:24


